<?xml version="1.0" encoding="UTF-8"?>
<testsuite name="com.github.gilbertotcc.lifx.models.ResultsTest" tests="2" skipped="0" failures="0" errors="0" timestamp="2019-01-19T11:37:04" hostname="MacBook-Pro-di-Gilberto.local" time="0.002">
  <properties/>
  <testcase name="deserializeSetStateOkShouldSuccess" classname="com.github.gilbertotcc.lifx.models.ResultsTest" time="0.001"/>
  <testcase name="deserializeSetStatesOkShouldSuccess" classname="com.github.gilbertotcc.lifx.models.ResultsTest" time="0.001"/>
  <system-out><![CDATA[]]></system-out>
  <system-err><![CDATA[]]></system-err>
</testsuite>
