<?xml version="1.0" encoding="UTF-8"?>
<testsuite name="com.github.gilbertotcc.lifx.arch.CodingRulesTest" tests="3" skipped="0" failures="0" errors="0" timestamp="2019-01-19T11:37:05" hostname="MacBook-Pro-di-Gilberto.local" time="0.103">
  <properties/>
  <testcase name="NO_ACCESS_TO_STANDARD_STREAMS" classname="com.github.gilbertotcc.lifx.arch.CodingRulesTest" time="0.064"/>
  <testcase name="NO_GENERIC_EXCEPTIONS" classname="com.github.gilbertotcc.lifx.arch.CodingRulesTest" time="0.031"/>
  <testcase name="NO_JAVA_UTIL_LOGGING" classname="com.github.gilbertotcc.lifx.arch.CodingRulesTest" time="0.004"/>
  <system-out><![CDATA[]]></system-out>
  <system-err><![CDATA[]]></system-err>
</testsuite>
