<?xml version="1.0" encoding="UTF-8"?>
<testsuite name="com.github.gilbertotcc.lifx.models.LightsStateTest" tests="1" skipped="0" failures="0" errors="0" timestamp="2019-01-19T11:37:04" hostname="MacBook-Pro-di-Gilberto.local" time="0.014">
  <properties/>
  <testcase name="createLightsStateShouldSuccess" classname="com.github.gilbertotcc.lifx.models.LightsStateTest" time="0.014"/>
  <system-out><![CDATA[]]></system-out>
  <system-err><![CDATA[]]></system-err>
</testsuite>
