<?xml version="1.0" encoding="UTF-8"?>
<testsuite name="com.github.gilbertotcc.lifx.impl.LifxClientImplTest" tests="10" skipped="0" failures="0" errors="0" timestamp="2019-01-19T11:37:03" hostname="MacBook-Pro-di-Gilberto.local" time="1.234">
  <properties/>
  <testcase name="setLightsStateShouldSuccess" classname="com.github.gilbertotcc.lifx.impl.LifxClientImplTest" time="0.662"/>
  <testcase name="setLightsStatesShouldSuccess" classname="com.github.gilbertotcc.lifx.impl.LifxClientImplTest" time="0.071"/>
  <testcase name="listAllLightsShouldSuccess" classname="com.github.gilbertotcc.lifx.impl.LifxClientImplTest" time="0.1"/>
  <testcase name="transitToNextStateOfShouldSuccess" classname="com.github.gilbertotcc.lifx.impl.LifxClientImplTest" time="0.054"/>
  <testcase name="setLightsStateDeltaShouldSuccess" classname="com.github.gilbertotcc.lifx.impl.LifxClientImplTest" time="0.05"/>
  <testcase name="validateColorShouldSuccess" classname="com.github.gilbertotcc.lifx.impl.LifxClientImplTest" time="0.089"/>
  <testcase name="doBreatheEffectShouldSuccess" classname="com.github.gilbertotcc.lifx.impl.LifxClientImplTest" time="0.044"/>
  <testcase name="toggleAllLightsPowerShouldSuccess" classname="com.github.gilbertotcc.lifx.impl.LifxClientImplTest" time="0.073"/>
  <testcase name="doPulseEffectShouldSuccess" classname="com.github.gilbertotcc.lifx.impl.LifxClientImplTest" time="0.056"/>
  <testcase name="createNewlifxClientImplShouldSuccess" classname="com.github.gilbertotcc.lifx.impl.LifxClientImplTest" time="0.003"/>
  <system-out><![CDATA[]]></system-out>
  <system-err><![CDATA[SLF4J: Failed to load class "org.slf4j.impl.StaticLoggerBinder".
SLF4J: Defaulting to no-operation (NOP) logger implementation
SLF4J: See http://www.slf4j.org/codes.html#StaticLoggerBinder for further details.
]]></system-err>
</testsuite>
